mode: count
github.com/danteprivet/k8s-controller/main.go:8.13,10.2 1 0
github.com/danteprivet/k8s-controller/cmd/go_basic.go:12.47,17.27 1 0
github.com/danteprivet/k8s-controller/cmd/go_basic.go:17.27,19.5 1 0
github.com/danteprivet/k8s-controller/cmd/go_basic.go:22.3,26.17 3 0
github.com/danteprivet/k8s-controller/cmd/go_basic.go:32.13,34.2 1 1
github.com/danteprivet/k8s-controller/cmd/go_basic.go:44.34,45.33 1 1
github.com/danteprivet/k8s-controller/cmd/go_basic.go:45.33,47.3 1 2
github.com/danteprivet/k8s-controller/cmd/go_basic.go:50.48,52.2 1 1
github.com/danteprivet/k8s-controller/cmd/list.go:20.47,22.17 2 0
github.com/danteprivet/k8s-controller/cmd/list.go:22.17,25.4 2 0
github.com/danteprivet/k8s-controller/cmd/list.go:26.3,27.17 2 0
github.com/danteprivet/k8s-controller/cmd/list.go:27.17,30.4 2 0
github.com/danteprivet/k8s-controller/cmd/list.go:31.3,32.39 2 0
github.com/danteprivet/k8s-controller/cmd/list.go:32.39,34.4 1 0
github.com/danteprivet/k8s-controller/cmd/list.go:38.74,40.16 2 1
github.com/danteprivet/k8s-controller/cmd/list.go:40.16,42.3 1 1
github.com/danteprivet/k8s-controller/cmd/list.go:43.2,43.40 1 0
github.com/danteprivet/k8s-controller/cmd/list.go:46.13,49.2 2 1
github.com/danteprivet/k8s-controller/cmd/root.go:28.47,37.3 8 0
github.com/danteprivet/k8s-controller/cmd/root.go:40.46,41.30 1 7
github.com/danteprivet/k8s-controller/cmd/root.go:42.15,43.28 1 1
github.com/danteprivet/k8s-controller/cmd/root.go:44.15,45.28 1 1
github.com/danteprivet/k8s-controller/cmd/root.go:46.14,47.27 1 1
github.com/danteprivet/k8s-controller/cmd/root.go:48.14,49.27 1 1
github.com/danteprivet/k8s-controller/cmd/root.go:50.15,51.28 1 1
github.com/danteprivet/k8s-controller/cmd/root.go:52.10,53.27 1 2
github.com/danteprivet/k8s-controller/cmd/root.go:58.43,61.33 3 0
github.com/danteprivet/k8s-controller/cmd/root.go:61.33,62.78 1 0
github.com/danteprivet/k8s-controller/cmd/root.go:62.78,64.4 1 0
github.com/danteprivet/k8s-controller/cmd/root.go:65.3,75.30 2 0
github.com/danteprivet/k8s-controller/cmd/root.go:76.8,76.40 1 0
github.com/danteprivet/k8s-controller/cmd/root.go:76.40,86.3 1 0
github.com/danteprivet/k8s-controller/cmd/root.go:86.8,88.3 1 0
github.com/danteprivet/k8s-controller/cmd/root.go:91.16,92.42 1 0
github.com/danteprivet/k8s-controller/cmd/root.go:92.42,95.3 2 0
github.com/danteprivet/k8s-controller/cmd/root.go:98.13,101.2 1 1
github.com/danteprivet/k8s-controller/cmd/server.go:32.47,36.17 4 0
github.com/danteprivet/k8s-controller/cmd/server.go:36.17,39.4 2 0
github.com/danteprivet/k8s-controller/cmd/server.go:40.3,47.17 3 0
github.com/danteprivet/k8s-controller/cmd/server.go:47.17,50.4 2 0
github.com/danteprivet/k8s-controller/cmd/server.go:52.3,52.59 1 0
github.com/danteprivet/k8s-controller/cmd/server.go:52.59,55.4 2 0
github.com/danteprivet/k8s-controller/cmd/server.go:57.3,58.13 2 0
github.com/danteprivet/k8s-controller/cmd/server.go:58.13,60.51 2 0
github.com/danteprivet/k8s-controller/cmd/server.go:60.51,63.5 2 0
github.com/danteprivet/k8s-controller/cmd/server.go:66.3,66.45 1 0
github.com/danteprivet/k8s-controller/cmd/server.go:66.45,70.30 4 0
github.com/danteprivet/k8s-controller/cmd/server.go:71.24,78.38 7 0
github.com/danteprivet/k8s-controller/cmd/server.go:78.38,82.32 4 0
github.com/danteprivet/k8s-controller/cmd/server.go:82.32,84.7 1 0
github.com/danteprivet/k8s-controller/cmd/server.go:86.5,87.11 2 0
github.com/danteprivet/k8s-controller/cmd/server.go:88.12,90.45 2 0
github.com/danteprivet/k8s-controller/cmd/server.go:93.3,95.64 3 0
github.com/danteprivet/k8s-controller/cmd/server.go:95.64,98.4 2 0
github.com/danteprivet/k8s-controller/cmd/server.go:102.96,105.15 3 1
github.com/danteprivet/k8s-controller/cmd/server.go:105.15,107.3 1 0
github.com/danteprivet/k8s-controller/cmd/server.go:107.8,109.3 1 1
github.com/danteprivet/k8s-controller/cmd/server.go:110.2,110.16 1 1
github.com/danteprivet/k8s-controller/cmd/server.go:110.16,112.3 1 1
github.com/danteprivet/k8s-controller/cmd/server.go:113.2,113.40 1 0
github.com/danteprivet/k8s-controller/cmd/server.go:116.13,124.2 7 1
github.com/danteprivet/k8s-controller/pkg/ctrl/deployment_controller.go:20.102,23.2 2 1
github.com/danteprivet/k8s-controller/pkg/ctrl/deployment_controller.go:25.57,34.2 2 1
github.com/danteprivet/k8s-controller/pkg/testutil/envtest.go:23.122,44.12 13 0
github.com/danteprivet/k8s-controller/pkg/testutil/envtest.go:44.12,47.3 2 0
github.com/danteprivet/k8s-controller/pkg/testutil/envtest.go:50.2,50.9 1 0
github.com/danteprivet/k8s-controller/pkg/testutil/envtest.go:51.25,52.62 1 0
github.com/danteprivet/k8s-controller/pkg/testutil/envtest.go:53.20,54.59 1 0
github.com/danteprivet/k8s-controller/pkg/testutil/envtest.go:57.2,63.12 5 0
github.com/danteprivet/k8s-controller/pkg/testutil/envtest.go:63.12,65.3 1 0
github.com/danteprivet/k8s-controller/pkg/testutil/envtest.go:67.2,69.19 2 0
github.com/danteprivet/k8s-controller/pkg/testutil/envtest.go:69.19,72.3 2 0
github.com/danteprivet/k8s-controller/pkg/testutil/envtest.go:73.2,73.37 1 0
github.com/danteprivet/k8s-controller/pkg/testutil/envtest.go:77.83,104.12 16 0
github.com/danteprivet/k8s-controller/pkg/testutil/envtest.go:104.12,107.3 2 0
github.com/danteprivet/k8s-controller/pkg/testutil/envtest.go:110.2,110.9 1 0
github.com/danteprivet/k8s-controller/pkg/testutil/envtest.go:111.25,112.62 1 0
github.com/danteprivet/k8s-controller/pkg/testutil/envtest.go:113.20,114.59 1 0
github.com/danteprivet/k8s-controller/pkg/testutil/envtest.go:117.2,123.26 4 0
github.com/danteprivet/k8s-controller/pkg/testutil/envtest.go:123.26,142.3 3 0
github.com/danteprivet/k8s-controller/pkg/testutil/envtest.go:144.2,144.20 1 0
github.com/danteprivet/k8s-controller/pkg/testutil/envtest.go:144.20,146.3 1 0
github.com/danteprivet/k8s-controller/pkg/testutil/envtest.go:147.2,147.32 1 0
github.com/danteprivet/k8s-controller/pkg/testutil/envtest.go:150.31,150.44 1 1
github.com/danteprivet/k8s-controller/pkg/informer/informer.go:19.84,24.68 1 1
github.com/danteprivet/k8s-controller/pkg/informer/informer.go:24.68,26.4 1 2
github.com/danteprivet/k8s-controller/pkg/informer/informer.go:28.2,31.34 2 1
github.com/danteprivet/k8s-controller/pkg/informer/informer.go:31.34,33.4 1 2
github.com/danteprivet/k8s-controller/pkg/informer/informer.go:34.48,36.4 1 0
github.com/danteprivet/k8s-controller/pkg/informer/informer.go:37.37,39.4 1 0
github.com/danteprivet/k8s-controller/pkg/informer/informer.go:42.2,44.58 3 1
github.com/danteprivet/k8s-controller/pkg/informer/informer.go:44.58,45.10 1 1
github.com/danteprivet/k8s-controller/pkg/informer/informer.go:45.10,48.4 2 0
github.com/danteprivet/k8s-controller/pkg/informer/informer.go:50.2,51.14 2 1
github.com/danteprivet/k8s-controller/pkg/informer/informer.go:54.36,56.31 2 0
github.com/danteprivet/k8s-controller/pkg/informer/informer.go:56.31,58.3 1 0
github.com/danteprivet/k8s-controller/pkg/informer/informer.go:59.2,59.59 1 0
github.com/danteprivet/k8s-controller/pkg/informer/informer.go:59.59,60.44 1 0
github.com/danteprivet/k8s-controller/pkg/informer/informer.go:60.44,62.4 1 0
github.com/danteprivet/k8s-controller/pkg/informer/informer.go:64.2,64.14 1 0
github.com/danteprivet/k8s-controller/pkg/informer/informer.go:67.48,68.38 1 4
github.com/danteprivet/k8s-controller/pkg/informer/informer.go:68.38,70.3 1 3
github.com/danteprivet/k8s-controller/pkg/informer/informer.go:71.2,71.18 1 1
